[INFO ] 2024-11-04 14:53:13,893 TC001_AccountRegistrationTest.verify_account_registration() - ******************************
[INFO ] 2024-11-04 14:53:13,906 TC001_AccountRegistrationTest.verify_account_registration() - class testCases.TC001_AccountRegistrationTest*****test case has Started...********
[INFO ] 2024-11-04 14:53:14,205 TC001_AccountRegistrationTest.verify_account_registration() - clicked on MyAccount Link...
[INFO ] 2024-11-04 14:53:18,550 TC001_AccountRegistrationTest.verify_account_registration() - clicked on Register Link...
[INFO ] 2024-11-04 14:53:18,557 TC001_AccountRegistrationTest.verify_account_registration() - Setting the info for Account registration...
[INFO ] 2024-11-04 14:53:28,715 TC001_AccountRegistrationTest.verify_account_registration() - Validating the confirmation message...
[INFO ] 2024-11-04 14:53:28,826 TC001_AccountRegistrationTest.verify_account_registration() - class testCases.TC001_AccountRegistrationTest****** Test case execution Finished...******
[INFO ] 2024-11-04 14:54:14,022 Utils.info() - [Utils] MethodGroupsHelper.collectMethodsByGroup() took 1 ms.
[INFO ] 2024-11-04 14:54:14,037 Utils.info() - [Utils] MethodGroupsHelper.sortMethods() took 3 ms.
[INFO ] 2024-11-04 14:54:14,042 Utils.info() - [Utils] MethodGroupsHelper.collectMethodsByGroup() took 0 ms.
[INFO ] 2024-11-04 14:54:14,042 Utils.info() - [Utils] MethodGroupsHelper.sortMethods() took 0 ms.
[INFO ] 2024-11-04 14:54:14,059 Utils.info() - [Utils] MethodGroupsHelper.collectMethodsByGroup() took 6 ms.
[INFO ] 2024-11-04 14:54:14,102 Utils.info() - [Utils] MethodGroupsHelper.sortMethods() took 41 ms.
[INFO ] 2024-11-04 14:54:14,107 Utils.info() - [Utils] MethodGroupsHelper.collectMethodsByGroup() took 0 ms.
[INFO ] 2024-11-04 14:54:14,109 Utils.info() - [Utils] MethodGroupsHelper.sortMethods() took 1 ms.
[INFO ] 2024-11-04 14:54:14,112 Utils.info() - [Utils] MethodGroupsHelper.collectMethodsByGroup() took 0 ms.
[INFO ] 2024-11-04 14:54:14,113 Utils.info() - [Utils] MethodGroupsHelper.sortMethods() took 0 ms.
[INFO ] 2024-11-04 14:54:14,119 Utils.info() - [Utils] MethodGroupsHelper.collectMethodsByGroup() took 0 ms.
[INFO ] 2024-11-04 14:54:14,120 Utils.info() - [Utils] MethodGroupsHelper.sortMethods() took 0 ms.
[INFO ] 2024-11-04 14:54:14,122 Utils.info() - [Utils] MethodGroupsHelper.collectMethodsByGroup() took 0 ms.
[INFO ] 2024-11-04 14:54:14,123 Utils.info() - [Utils] MethodGroupsHelper.sortMethods() took 0 ms.
[INFO ] 2024-11-04 14:54:14,124 Utils.info() - [Utils] MethodGroupsHelper.collectMethodsByGroup() took 0 ms.
[INFO ] 2024-11-04 14:54:14,125 Utils.info() - [Utils] MethodGroupsHelper.sortMethods() took 0 ms.
[INFO ] 2024-11-04 14:54:14,130 Utils.info() - [Utils] MethodGroupsHelper.collectMethodsByGroup() took 0 ms.
[INFO ] 2024-11-04 14:54:14,130 Utils.info() - [Utils] MethodGroupsHelper.sortMethods() took 0 ms.
[INFO ] 2024-11-04 14:54:14,132 Utils.info() - [Utils] MethodGroupsHelper.collectMethodsByGroup() took 0 ms.
[INFO ] 2024-11-04 14:54:14,132 Utils.info() - [Utils] MethodGroupsHelper.sortMethods() took 0 ms.
[INFO ] 2024-11-04 14:54:14,139 Utils.info() - [Utils] MethodGroupsHelper.collectMethodsByGroup() took 0 ms.
[INFO ] 2024-11-04 14:54:14,139 Utils.info() - [Utils] MethodGroupsHelper.sortMethods() took 0 ms.
[INFO ] 2024-11-04 14:54:14,143 Utils.info() - [Utils] MethodGroupsHelper.collectMethodsByGroup() took 3 ms.
[INFO ] 2024-11-04 14:54:14,145 Utils.info() - [Utils] MethodGroupsHelper.sortMethods() took 0 ms.
[INFO ] 2024-11-04 14:54:14,147 Utils.info() - [Utils] MethodGroupsHelper.collectMethodsByGroup() took 0 ms.
[INFO ] 2024-11-04 14:54:14,148 Utils.info() - [Utils] MethodGroupsHelper.sortMethods() took 0 ms.
[INFO ] 2024-11-04 14:54:14,151 Utils.info() - [Utils] MethodGroupsHelper.collectMethodsByGroup() took 0 ms.
[INFO ] 2024-11-04 14:54:14,152 Utils.info() - [Utils] MethodGroupsHelper.sortMethods() took 0 ms.
[INFO ] 2024-11-04 14:54:14,153 Utils.info() - [Utils] MethodGroupsHelper.collectMethodsByGroup() took 0 ms.
[INFO ] 2024-11-04 14:54:14,153 Utils.info() - [Utils] MethodGroupsHelper.sortMethods() took 0 ms.
[INFO ] 2024-11-04 14:54:14,170 Utils.info() - [TestNG] Running:
  C:\Users\DELL\AppData\Local\Temp\testng-eclipse-122338187\testng-customsuite.xml

[INFO ] 2024-11-04 14:54:14,294 Utils.info() - [Utils] DynamicGraphHelper.createDynamicGraph() took 9 ms.
[INFO ] 2024-11-04 14:54:14,908 Utils.info() - [TestNG] Time taken by org.testng.reporters.jq.Main@460f76a6: 361 ms
[INFO ] 2024-11-04 14:54:14,940 Utils.info() - [TestNG] Time taken by org.testng.reporters.FailedReporter@319dead1: 32 ms
[INFO ] 2024-11-04 14:54:14,966 Utils.info() - [TestNG] Time taken by org.testng.reporters.XMLReporter@142eef62: 26 ms
[INFO ] 2024-11-04 14:54:14,993 Utils.info() - [TestNG] Time taken by org.testng.reporters.EmailableReporter2@21694e53: 25 ms
[INFO ] 2024-11-04 14:54:15,007 Utils.info() - [TestNG] Time taken by org.testng.reporters.JUnitReportReporter@32057e6: 14 ms
[INFO ] 2024-11-04 14:54:15,009 Utils.info() - [TestNG] Time taken by org.testng.internal.ExitCodeListener@26be6ca7: 1 ms
[INFO ] 2024-11-04 14:54:27,738 Utils.info() - [Utils] MethodGroupsHelper.collectMethodsByGroup() took 0 ms.
[INFO ] 2024-11-04 14:54:27,749 Utils.info() - [Utils] MethodGroupsHelper.sortMethods() took 2 ms.
[INFO ] 2024-11-04 14:54:27,752 Utils.info() - [Utils] MethodGroupsHelper.collectMethodsByGroup() took 0 ms.
[INFO ] 2024-11-04 14:54:27,752 Utils.info() - [Utils] MethodGroupsHelper.sortMethods() took 0 ms.
[INFO ] 2024-11-04 14:54:27,765 Utils.info() - [Utils] MethodGroupsHelper.collectMethodsByGroup() took 6 ms.
[INFO ] 2024-11-04 14:54:27,802 Utils.info() - [Utils] MethodGroupsHelper.sortMethods() took 35 ms.
[INFO ] 2024-11-04 14:54:27,808 Utils.info() - [Utils] MethodGroupsHelper.collectMethodsByGroup() took 0 ms.
[INFO ] 2024-11-04 14:54:27,809 Utils.info() - [Utils] MethodGroupsHelper.sortMethods() took 0 ms.
[INFO ] 2024-11-04 14:54:27,820 Utils.info() - [Utils] MethodGroupsHelper.collectMethodsByGroup() took 0 ms.
[INFO ] 2024-11-04 14:54:27,821 Utils.info() - [Utils] MethodGroupsHelper.sortMethods() took 0 ms.
[INFO ] 2024-11-04 14:54:27,823 Utils.info() - [Utils] MethodGroupsHelper.collectMethodsByGroup() took 0 ms.
[INFO ] 2024-11-04 14:54:27,824 Utils.info() - [Utils] MethodGroupsHelper.sortMethods() took 0 ms.
[INFO ] 2024-11-04 14:54:27,825 Utils.info() - [Utils] MethodGroupsHelper.collectMethodsByGroup() took 0 ms.
[INFO ] 2024-11-04 14:54:27,826 Utils.info() - [Utils] MethodGroupsHelper.sortMethods() took 0 ms.
[INFO ] 2024-11-04 14:54:27,827 Utils.info() - [Utils] MethodGroupsHelper.collectMethodsByGroup() took 0 ms.
[INFO ] 2024-11-04 14:54:27,827 Utils.info() - [Utils] MethodGroupsHelper.sortMethods() took 0 ms.
[INFO ] 2024-11-04 14:54:27,831 Utils.info() - [Utils] MethodGroupsHelper.collectMethodsByGroup() took 0 ms.
[INFO ] 2024-11-04 14:54:27,831 Utils.info() - [Utils] MethodGroupsHelper.sortMethods() took 0 ms.
[INFO ] 2024-11-04 14:54:27,832 Utils.info() - [Utils] MethodGroupsHelper.collectMethodsByGroup() took 0 ms.
[INFO ] 2024-11-04 14:54:27,833 Utils.info() - [Utils] MethodGroupsHelper.sortMethods() took 0 ms.
[INFO ] 2024-11-04 14:54:27,838 Utils.info() - [Utils] MethodGroupsHelper.collectMethodsByGroup() took 0 ms.
[INFO ] 2024-11-04 14:54:27,839 Utils.info() - [Utils] MethodGroupsHelper.sortMethods() took 0 ms.
[INFO ] 2024-11-04 14:54:27,842 Utils.info() - [Utils] MethodGroupsHelper.collectMethodsByGroup() took 2 ms.
[INFO ] 2024-11-04 14:54:27,843 Utils.info() - [Utils] MethodGroupsHelper.sortMethods() took 1 ms.
[INFO ] 2024-11-04 14:54:27,845 Utils.info() - [Utils] MethodGroupsHelper.collectMethodsByGroup() took 0 ms.
[INFO ] 2024-11-04 14:54:27,846 Utils.info() - [Utils] MethodGroupsHelper.sortMethods() took 0 ms.
[INFO ] 2024-11-04 14:54:27,848 Utils.info() - [Utils] MethodGroupsHelper.collectMethodsByGroup() took 0 ms.
[INFO ] 2024-11-04 14:54:27,849 Utils.info() - [Utils] MethodGroupsHelper.sortMethods() took 0 ms.
[INFO ] 2024-11-04 14:54:27,850 Utils.info() - [Utils] MethodGroupsHelper.collectMethodsByGroup() took 0 ms.
[INFO ] 2024-11-04 14:54:27,850 Utils.info() - [Utils] MethodGroupsHelper.sortMethods() took 0 ms.
[INFO ] 2024-11-04 14:54:27,867 Utils.info() - [TestNG] Running:
  C:\Users\DELL\AppData\Local\Temp\testng-eclipse--600220248\testng-customsuite.xml

[INFO ] 2024-11-04 14:54:27,974 Utils.info() - [Utils] DynamicGraphHelper.createDynamicGraph() took 14 ms.
[INFO ] 2024-11-04 14:54:28,589 Utils.info() - [TestNG] Time taken by org.testng.reporters.jq.Main@11dee337: 320 ms
[INFO ] 2024-11-04 14:54:28,617 Utils.info() - [TestNG] Time taken by org.testng.reporters.FailedReporter@2baa8d82: 28 ms
[INFO ] 2024-11-04 14:54:28,644 Utils.info() - [TestNG] Time taken by org.testng.reporters.XMLReporter@517bd097: 26 ms
[INFO ] 2024-11-04 14:54:28,664 Utils.info() - [TestNG] Time taken by org.testng.reporters.EmailableReporter2@7caa550: 18 ms
[INFO ] 2024-11-04 14:54:28,675 Utils.info() - [TestNG] Time taken by org.testng.reporters.JUnitReportReporter@32057e6: 11 ms
[INFO ] 2024-11-04 14:54:28,676 Utils.info() - [TestNG] Time taken by org.testng.internal.ExitCodeListener@26be6ca7: 1 ms
[INFO ] 2024-11-04 14:59:54,285 Utils.info() - [TestNG] Running:
  D:\MyJava_WS\Opencartv3\grouping.xml

[INFO ] 2024-11-04 15:00:04,587 TC001_AccountRegistrationTest.verify_account_registration() - ******************************
[INFO ] 2024-11-04 15:00:04,587 TC001_AccountRegistrationTest.verify_account_registration() - class testCases.TC001_AccountRegistrationTest*****test case has Started...********
[INFO ] 2024-11-04 15:00:04,764 TC001_AccountRegistrationTest.verify_account_registration() - clicked on MyAccount Link...
[INFO ] 2024-11-04 15:00:06,119 TC001_AccountRegistrationTest.verify_account_registration() - clicked on Register Link...
[INFO ] 2024-11-04 15:00:06,131 TC001_AccountRegistrationTest.verify_account_registration() - Setting the info for Account registration...
[INFO ] 2024-11-04 15:00:11,120 TC001_AccountRegistrationTest.verify_account_registration() - Validating the confirmation message...
[INFO ] 2024-11-04 15:00:11,213 TC001_AccountRegistrationTest.verify_account_registration() - class testCases.TC001_AccountRegistrationTest****** Test case execution Finished...******
[INFO ] 2024-11-04 15:05:52,023 Utils.info() - [TestNG] Running:
  D:\MyJava_WS\Opencartv3\grouping.xml

[INFO ] 2024-11-04 15:06:02,811 TC001_AccountRegistrationTest.verify_account_registration() - ******************************
[INFO ] 2024-11-04 15:06:02,812 TC001_AccountRegistrationTest.verify_account_registration() - class testCases.TC001_AccountRegistrationTest*****test case has Started...********
[INFO ] 2024-11-04 15:06:02,984 TC001_AccountRegistrationTest.verify_account_registration() - clicked on MyAccount Link...
[INFO ] 2024-11-04 15:06:04,849 TC001_AccountRegistrationTest.verify_account_registration() - clicked on Register Link...
[INFO ] 2024-11-04 15:06:04,860 TC001_AccountRegistrationTest.verify_account_registration() - Setting the info for Account registration...
[INFO ] 2024-11-04 15:06:10,016 TC001_AccountRegistrationTest.verify_account_registration() - Validating the confirmation message...
[INFO ] 2024-11-04 15:06:10,127 TC001_AccountRegistrationTest.verify_account_registration() - class testCases.TC001_AccountRegistrationTest****** Test case execution Finished...******
[INFO ] 2024-11-04 15:06:48,826 Utils.info() - [TestNG] Running:
  D:\MyJava_WS\Opencartv3\grouping.xml

[INFO ] 2024-11-04 15:16:27,043 Utils.info() - [TestNG] Running:
  D:\MyJava_WS\Opencartv3\grouping.xml

[INFO ] 2024-11-04 15:31:31,176 Utils.info() - [TestNG] Running:
  D:\MyJava_WS\Opencartv3\grouping.xml

[INFO ] 2024-11-04 15:31:41,502 TC002_AccountLoginTest.verify_MyAccount_login() - **********************************
[INFO ] 2024-11-04 15:31:41,503 TC002_AccountLoginTest.verify_MyAccount_login() - class testCases.TC002_AccountLoginTest****verify_MyAccount_login test has been started...****
[INFO ] 2024-11-04 15:31:43,230 TC002_AccountLoginTest.verify_MyAccount_login() - login link has been cicked...
[INFO ] 2024-11-04 15:31:43,552 TC002_AccountLoginTest.verify_MyAccount_login() - email and password fields are filled...
[INFO ] 2024-11-04 15:31:44,856 TC002_AccountLoginTest.verify_MyAccount_login() - login button clicked...
[INFO ] 2024-11-04 15:31:44,944 TC002_AccountLoginTest.verify_MyAccount_login() -  Validation msg confirmed...
[INFO ] 2024-11-04 15:31:44,945 TC002_AccountLoginTest.verify_MyAccount_login() - *****Test execution finished...*****
[INFO ] 2024-11-04 15:32:09,026 Utils.info() - [TestNG] Running:
  D:\MyJava_WS\Opencartv3\grouping.xml

[INFO ] 2024-11-04 15:33:04,133 Utils.info() - [TestNG] Running:
  D:\MyJava_WS\Opencartv3\grouping.xml

[INFO ] 2024-11-04 15:33:15,363 TC002_AccountLoginTest.verify_MyAccount_login() - **********************************
[INFO ] 2024-11-04 15:33:15,364 TC002_AccountLoginTest.verify_MyAccount_login() - class testCases.TC002_AccountLoginTest****verify_MyAccount_login test has been started...****
[INFO ] 2024-11-04 15:33:16,887 TC002_AccountLoginTest.verify_MyAccount_login() - login link has been cicked...
[INFO ] 2024-11-04 15:33:17,234 TC002_AccountLoginTest.verify_MyAccount_login() - email and password fields are filled...
[INFO ] 2024-11-04 15:33:18,565 TC002_AccountLoginTest.verify_MyAccount_login() - login button clicked...
[INFO ] 2024-11-04 15:33:18,634 TC002_AccountLoginTest.verify_MyAccount_login() -  Validation msg confirmed...
[INFO ] 2024-11-04 15:33:18,634 TC002_AccountLoginTest.verify_MyAccount_login() - *****Test execution finished...*****
[INFO ] 2024-11-04 15:33:53,149 Utils.info() - [TestNG] Running:
  D:\MyJava_WS\Opencartv3\grouping.xml

[INFO ] 2024-11-04 15:34:04,547 TC002_AccountLoginTest.verify_MyAccount_login() - **********************************
[INFO ] 2024-11-04 15:34:04,548 TC002_AccountLoginTest.verify_MyAccount_login() - class testCases.TC002_AccountLoginTest****verify_MyAccount_login test has been started...****
[INFO ] 2024-11-04 15:34:06,039 TC002_AccountLoginTest.verify_MyAccount_login() - login link has been cicked...
[INFO ] 2024-11-04 15:34:06,409 TC002_AccountLoginTest.verify_MyAccount_login() - email and password fields are filled...
[INFO ] 2024-11-04 15:34:07,561 TC002_AccountLoginTest.verify_MyAccount_login() - login button clicked...
[INFO ] 2024-11-04 15:35:27,495 Utils.info() - [TestNG] Running:
  D:\MyJava_WS\Opencartv3\grouping.xml

[INFO ] 2024-11-04 15:35:36,463 TC002_AccountLoginTest.verify_MyAccount_login() - **********************************
[INFO ] 2024-11-04 15:35:36,464 TC002_AccountLoginTest.verify_MyAccount_login() - class testCases.TC002_AccountLoginTest****verify_MyAccount_login test has been started...****
[INFO ] 2024-11-04 15:35:38,523 TC002_AccountLoginTest.verify_MyAccount_login() - login link has been cicked...
[INFO ] 2024-11-04 15:35:38,823 TC002_AccountLoginTest.verify_MyAccount_login() - email and password fields are filled...
[INFO ] 2024-11-04 15:35:40,126 TC002_AccountLoginTest.verify_MyAccount_login() - login button clicked...
[INFO ] 2024-11-04 15:35:40,208 TC002_AccountLoginTest.verify_MyAccount_login() -  Validation msg confirmed...
[INFO ] 2024-11-04 15:35:40,208 TC002_AccountLoginTest.verify_MyAccount_login() - *****Test execution finished...*****
[INFO ] 2024-11-04 15:36:57,671 Utils.info() - [TestNG] Running:
  D:\MyJava_WS\Opencartv3\grouping.xml

[INFO ] 2024-11-04 15:37:09,644 TC002_AccountLoginTest.verify_MyAccount_login() - **********************************
[INFO ] 2024-11-04 15:37:09,645 TC002_AccountLoginTest.verify_MyAccount_login() - class testCases.TC002_AccountLoginTest****verify_MyAccount_login test has been started...****
[INFO ] 2024-11-04 15:37:10,797 TC002_AccountLoginTest.verify_MyAccount_login() - login link has been cicked...
[INFO ] 2024-11-04 15:37:11,091 TC002_AccountLoginTest.verify_MyAccount_login() - email and password fields are filled...
[INFO ] 2024-11-04 15:37:12,881 TC002_AccountLoginTest.verify_MyAccount_login() - login button clicked...
[INFO ] 2024-11-04 15:37:12,937 TC002_AccountLoginTest.verify_MyAccount_login() -  Validation msg confirmed...
[INFO ] 2024-11-04 15:37:12,937 TC002_AccountLoginTest.verify_MyAccount_login() - *****Test execution finished...*****
[INFO ] 2024-11-04 15:38:58,837 Utils.info() - [TestNG] Running:
  D:\MyJava_WS\Opencartv3\grouping.xml

[INFO ] 2024-11-04 15:39:10,229 TC002_AccountLoginTest.verify_MyAccount_login() - **********************************
[INFO ] 2024-11-04 15:39:10,230 TC002_AccountLoginTest.verify_MyAccount_login() - class testCases.TC002_AccountLoginTest****verify_MyAccount_login test has been started...****
[INFO ] 2024-11-04 15:39:12,097 TC002_AccountLoginTest.verify_MyAccount_login() - login link has been cicked...
[INFO ] 2024-11-04 15:39:12,442 TC002_AccountLoginTest.verify_MyAccount_login() - email and password fields are filled...
[INFO ] 2024-11-04 15:39:13,815 TC002_AccountLoginTest.verify_MyAccount_login() - login button clicked...
[INFO ] 2024-11-04 15:39:13,892 TC002_AccountLoginTest.verify_MyAccount_login() -  Validation msg confirmed...
[INFO ] 2024-11-04 15:39:13,893 TC002_AccountLoginTest.verify_MyAccount_login() - *****Test execution finished...*****
[INFO ] 2024-11-04 15:49:30,151 Utils.info() - [TestNG] Running:
  D:\MyJava_WS\Opencartv3\grouping.xml

[INFO ] 2024-11-04 15:49:40,527 TC001_AccountRegistrationTest.verify_account_registration() - ******************************
[INFO ] 2024-11-04 15:49:40,528 TC001_AccountRegistrationTest.verify_account_registration() - class testCases.TC001_AccountRegistrationTest*****test case has Started...********
[INFO ] 2024-11-04 15:49:40,643 TC001_AccountRegistrationTest.verify_account_registration() - clicked on MyAccount Link...
[INFO ] 2024-11-04 15:49:42,690 TC001_AccountRegistrationTest.verify_account_registration() - clicked on Register Link...
[INFO ] 2024-11-04 15:49:42,725 TC001_AccountRegistrationTest.verify_account_registration() - Setting the info for Account registration...
[INFO ] 2024-11-04 15:49:47,511 TC001_AccountRegistrationTest.verify_account_registration() - Validating the confirmation message...
[INFO ] 2024-11-04 15:49:47,561 TC001_AccountRegistrationTest.verify_account_registration() - class testCases.TC001_AccountRegistrationTest****** Test case execution Finished...******
[INFO ] 2024-11-04 15:50:34,874 Utils.info() - [TestNG] Running:
  D:\MyJava_WS\Opencartv3\grouping.xml

[INFO ] 2024-11-04 15:50:44,939 TC002_AccountLoginTest.verify_MyAccount_login() - **********************************
[INFO ] 2024-11-04 15:50:44,940 TC002_AccountLoginTest.verify_MyAccount_login() - class testCases.TC002_AccountLoginTest****verify_MyAccount_login test has been started...****
[INFO ] 2024-11-04 15:50:46,182 TC002_AccountLoginTest.verify_MyAccount_login() - login link has been cicked...
[INFO ] 2024-11-04 15:50:46,483 TC002_AccountLoginTest.verify_MyAccount_login() - email and password fields are filled...
[INFO ] 2024-11-04 15:50:48,015 TC002_AccountLoginTest.verify_MyAccount_login() - login button clicked...
[INFO ] 2024-11-04 15:50:48,100 TC002_AccountLoginTest.verify_MyAccount_login() -  Validation msg confirmed...
[INFO ] 2024-11-04 15:50:48,101 TC002_AccountLoginTest.verify_MyAccount_login() - *****Test execution finished...*****
[INFO ] 2024-11-04 15:51:53,521 Utils.info() - [TestNG] Running:
  D:\MyJava_WS\Opencartv3\grouping.xml

[INFO ] 2024-11-04 15:52:03,322 TC002_AccountLoginTest.verify_MyAccount_login() - **********************************
[INFO ] 2024-11-04 15:52:03,322 TC002_AccountLoginTest.verify_MyAccount_login() - class testCases.TC002_AccountLoginTest****verify_MyAccount_login test has been started...****
[INFO ] 2024-11-04 15:52:04,322 TC002_AccountLoginTest.verify_MyAccount_login() - login link has been cicked...
[INFO ] 2024-11-04 15:52:04,663 TC002_AccountLoginTest.verify_MyAccount_login() - email and password fields are filled...
[INFO ] 2024-11-04 15:52:05,497 TC002_AccountLoginTest.verify_MyAccount_login() - login button clicked...
[INFO ] 2024-11-04 15:52:05,570 TC002_AccountLoginTest.verify_MyAccount_login() -  Validation msg confirmed...
[INFO ] 2024-11-04 15:52:05,570 TC002_AccountLoginTest.verify_MyAccount_login() - *****Test execution finished...*****
[INFO ] 2024-11-04 15:55:59,344 Utils.info() - [TestNG] Running:
  D:\MyJava_WS\Opencartv3\master.xml

[INFO ] 2024-11-04 15:56:09,200 TC001_AccountRegistrationTest.verify_account_registration() - ******************************
[INFO ] 2024-11-04 15:56:09,200 TC001_AccountRegistrationTest.verify_account_registration() - class testCases.TC001_AccountRegistrationTest*****test case has Started...********
[INFO ] 2024-11-04 15:56:09,330 TC001_AccountRegistrationTest.verify_account_registration() - clicked on MyAccount Link...
[INFO ] 2024-11-04 15:56:10,793 TC001_AccountRegistrationTest.verify_account_registration() - clicked on Register Link...
[INFO ] 2024-11-04 15:56:10,798 TC001_AccountRegistrationTest.verify_account_registration() - Setting the info for Account registration...
[INFO ] 2024-11-04 15:56:14,601 TC001_AccountRegistrationTest.verify_account_registration() - Validating the confirmation message...
[INFO ] 2024-11-04 15:56:14,656 TC001_AccountRegistrationTest.verify_account_registration() - class testCases.TC001_AccountRegistrationTest****** Test case execution Finished...******
[INFO ] 2024-11-04 16:01:27,740 Utils.info() - [TestNG] Running:
  D:\MyJava_WS\Opencartv3\grouping.xml

[INFO ] 2024-11-04 16:01:38,018 TC002_AccountLoginTest.verify_MyAccount_login() - **********************************
[INFO ] 2024-11-04 16:01:38,018 TC002_AccountLoginTest.verify_MyAccount_login() - class testCases.TC002_AccountLoginTest****verify_MyAccount_login test has been started...****
[INFO ] 2024-11-04 16:01:39,154 TC002_AccountLoginTest.verify_MyAccount_login() - login link has been cicked...
[INFO ] 2024-11-04 16:01:39,445 TC002_AccountLoginTest.verify_MyAccount_login() - email and password fields are filled...
[INFO ] 2024-11-04 16:01:41,576 TC002_AccountLoginTest.verify_MyAccount_login() - login button clicked...
[INFO ] 2024-11-04 16:01:41,642 TC002_AccountLoginTest.verify_MyAccount_login() -  Validation msg confirmed...
[INFO ] 2024-11-04 16:01:41,642 TC002_AccountLoginTest.verify_MyAccount_login() - *****Test execution finished...*****
[INFO ] 2024-11-04 16:01:51,547 TC001_AccountRegistrationTest.verify_account_registration() - ******************************
[INFO ] 2024-11-04 16:01:51,547 TC001_AccountRegistrationTest.verify_account_registration() - class testCases.TC001_AccountRegistrationTest*****test case has Started...********
[INFO ] 2024-11-04 16:01:51,646 TC001_AccountRegistrationTest.verify_account_registration() - clicked on MyAccount Link...
[INFO ] 2024-11-04 16:01:52,830 TC001_AccountRegistrationTest.verify_account_registration() - clicked on Register Link...
[INFO ] 2024-11-04 16:01:52,840 TC001_AccountRegistrationTest.verify_account_registration() - Setting the info for Account registration...
[INFO ] 2024-11-04 16:01:56,719 TC001_AccountRegistrationTest.verify_account_registration() - Validating the confirmation message...
[INFO ] 2024-11-04 16:01:56,793 TC001_AccountRegistrationTest.verify_account_registration() - class testCases.TC001_AccountRegistrationTest****** Test case execution Finished...******
[INFO ] 2024-11-04 16:02:40,955 Utils.info() - [TestNG] Running:
  D:\MyJava_WS\Opencartv3\grouping.xml

[INFO ] 2024-11-04 16:02:51,731 TC001_AccountRegistrationTest.verify_account_registration() - ******************************
[INFO ] 2024-11-04 16:02:51,731 TC001_AccountRegistrationTest.verify_account_registration() - class testCases.TC001_AccountRegistrationTest*****test case has Started...********
[INFO ] 2024-11-04 16:02:51,862 TC001_AccountRegistrationTest.verify_account_registration() - clicked on MyAccount Link...
[INFO ] 2024-11-04 16:02:53,362 TC001_AccountRegistrationTest.verify_account_registration() - clicked on Register Link...
[INFO ] 2024-11-04 16:02:53,372 TC001_AccountRegistrationTest.verify_account_registration() - Setting the info for Account registration...
[INFO ] 2024-11-04 16:02:57,910 TC001_AccountRegistrationTest.verify_account_registration() - Validating the confirmation message...
[INFO ] 2024-11-04 16:02:57,976 TC001_AccountRegistrationTest.verify_account_registration() - class testCases.TC001_AccountRegistrationTest****** Test case execution Finished...******
[INFO ] 2024-11-04 16:03:07,305 TC002_AccountLoginTest.verify_MyAccount_login() - **********************************
[INFO ] 2024-11-04 16:03:07,305 TC002_AccountLoginTest.verify_MyAccount_login() - class testCases.TC002_AccountLoginTest****verify_MyAccount_login test has been started...****
[INFO ] 2024-11-04 16:03:08,881 TC002_AccountLoginTest.verify_MyAccount_login() - login link has been cicked...
[INFO ] 2024-11-04 16:03:09,194 TC002_AccountLoginTest.verify_MyAccount_login() - email and password fields are filled...
[INFO ] 2024-11-04 16:03:10,461 TC002_AccountLoginTest.verify_MyAccount_login() - login button clicked...
[INFO ] 2024-11-04 16:03:10,579 TC002_AccountLoginTest.verify_MyAccount_login() -  Validation msg confirmed...
[INFO ] 2024-11-04 16:03:10,579 TC002_AccountLoginTest.verify_MyAccount_login() - *****Test execution finished...*****
[INFO ] 2024-11-04 19:35:31,330 Utils.info() - [TestNG] Running:
  D:\MyJava_WS\Opencartv3\master.xml

[INFO ] 2024-11-04 19:35:53,903 TC001_AccountRegistrationTest.verify_account_registration() - ******************************
[INFO ] 2024-11-04 19:35:53,905 TC001_AccountRegistrationTest.verify_account_registration() - class testCases.TC001_AccountRegistrationTest*****test case has Started...********
[INFO ] 2024-11-04 19:35:54,130 TC001_AccountRegistrationTest.verify_account_registration() - clicked on MyAccount Link...
[INFO ] 2024-11-04 19:35:55,831 TC001_AccountRegistrationTest.verify_account_registration() - clicked on Register Link...
[INFO ] 2024-11-04 19:35:55,835 TC001_AccountRegistrationTest.verify_account_registration() - Setting the info for Account registration...
[INFO ] 2024-11-04 19:36:03,544 TC001_AccountRegistrationTest.verify_account_registration() - Validating the confirmation message...
[INFO ] 2024-11-04 19:36:03,632 TC001_AccountRegistrationTest.verify_account_registration() - class testCases.TC001_AccountRegistrationTest****** Test case execution Finished...******
[INFO ] 2024-11-04 19:36:14,543 TC002_AccountLoginTest.verify_MyAccount_login() - **********************************
[INFO ] 2024-11-04 19:36:14,544 TC002_AccountLoginTest.verify_MyAccount_login() - class testCases.TC002_AccountLoginTest****verify_MyAccount_login test has been started...****
[INFO ] 2024-11-04 19:36:16,104 TC002_AccountLoginTest.verify_MyAccount_login() - login link has been cicked...
[INFO ] 2024-11-04 19:36:16,472 TC002_AccountLoginTest.verify_MyAccount_login() - email and password fields are filled...
[INFO ] 2024-11-04 19:36:18,374 TC002_AccountLoginTest.verify_MyAccount_login() - login button clicked...
[INFO ] 2024-11-04 19:36:18,465 TC002_AccountLoginTest.verify_MyAccount_login() -  Validation msg confirmed...
[INFO ] 2024-11-04 19:36:18,467 TC002_AccountLoginTest.verify_MyAccount_login() - *****Test execution finished...*****
[INFO ] 2024-11-04 19:42:26,845 Utils.info() - [TestNG] Running:
  D:\MyJava_WS\Opencartv3\grouping.xml

[INFO ] 2024-11-04 19:42:34,909 TC001_AccountRegistrationTest.verify_account_registration() - ******************************
[INFO ] 2024-11-04 19:42:34,911 TC001_AccountRegistrationTest.verify_account_registration() - class testCases.TC001_AccountRegistrationTest*****test case has Started...********
[INFO ] 2024-11-04 19:42:38,234 TC001_AccountRegistrationTest.verify_account_registration() - clicked on MyAccount Link...
[INFO ] 2024-11-04 19:42:40,284 TC001_AccountRegistrationTest.verify_account_registration() - clicked on Register Link...
[INFO ] 2024-11-04 19:42:40,289 TC001_AccountRegistrationTest.verify_account_registration() - Setting the info for Account registration...
[INFO ] 2024-11-04 19:42:45,307 TC001_AccountRegistrationTest.verify_account_registration() - Validating the confirmation message...
[INFO ] 2024-11-04 19:42:45,408 TC001_AccountRegistrationTest.verify_account_registration() - class testCases.TC001_AccountRegistrationTest****** Test case execution Finished...******
[INFO ] 2024-11-04 19:42:55,647 TC002_AccountLoginTest.verify_MyAccount_login() - **********************************
[INFO ] 2024-11-04 19:42:55,648 TC002_AccountLoginTest.verify_MyAccount_login() - class testCases.TC002_AccountLoginTest****verify_MyAccount_login test has been started...****
[INFO ] 2024-11-04 19:42:57,334 TC002_AccountLoginTest.verify_MyAccount_login() - login link has been cicked...
[INFO ] 2024-11-04 19:42:57,814 TC002_AccountLoginTest.verify_MyAccount_login() - email and password fields are filled...
[INFO ] 2024-11-04 19:42:59,451 TC002_AccountLoginTest.verify_MyAccount_login() - login button clicked...
[INFO ] 2024-11-04 19:56:11,772 Utils.info() - [TestNG] Running:
  D:\MyJava_WS\Opencartv3\test-output\testng-failed.xml

[INFO ] 2024-11-04 19:56:23,346 TC002_AccountLoginTest.verify_MyAccount_login() - **********************************
[INFO ] 2024-11-04 19:56:23,347 TC002_AccountLoginTest.verify_MyAccount_login() - class testCases.TC002_AccountLoginTest****verify_MyAccount_login test has been started...****
[INFO ] 2024-11-04 19:56:24,812 TC002_AccountLoginTest.verify_MyAccount_login() - login link has been cicked...
[INFO ] 2024-11-04 19:56:25,226 TC002_AccountLoginTest.verify_MyAccount_login() - email and password fields are filled...
[INFO ] 2024-11-04 19:56:26,581 TC002_AccountLoginTest.verify_MyAccount_login() - login button clicked...
[INFO ] 2024-11-04 19:56:26,658 TC002_AccountLoginTest.verify_MyAccount_login() -  Validation msg confirmed...
[INFO ] 2024-11-04 19:56:26,658 TC002_AccountLoginTest.verify_MyAccount_login() - *****Test execution finished...*****
[INFO ] 2024-11-10 08:47:32,844 Utils.info() - [TestNG] Running:
  D:\MyJava_WS\Opencartv3\master.xml

[INFO ] 2024-11-10 08:48:11,510 TC002_AccountLoginTest.verify_MyAccount_login() - **********************************
[INFO ] 2024-11-10 08:48:11,510 TC002_AccountLoginTest.verify_MyAccount_login() - class testCases.TC002_AccountLoginTest****verify_MyAccount_login test has been started...****
[INFO ] 2024-11-10 08:49:23,465 Utils.info() - [TestNG] Running:
  D:\MyJava_WS\Opencartv3\master.xml

[INFO ] 2024-11-10 08:50:02,783 TC001_AccountRegistrationTest.verify_account_registration() - ******************************
[INFO ] 2024-11-10 08:50:02,784 TC001_AccountRegistrationTest.verify_account_registration() - class testCases.TC001_AccountRegistrationTest*****test case has Started...********
[INFO ] 2024-11-10 08:50:02,934 TC001_AccountRegistrationTest.verify_account_registration() - clicked on MyAccount Link...
[INFO ] 2024-11-10 08:50:06,665 TC001_AccountRegistrationTest.verify_account_registration() - clicked on Register Link...
[INFO ] 2024-11-10 08:50:06,672 TC001_AccountRegistrationTest.verify_account_registration() - Setting the info for Account registration...
[INFO ] 2024-11-10 08:50:16,492 TC001_AccountRegistrationTest.verify_account_registration() - Validating the confirmation message...
[INFO ] 2024-11-10 08:50:16,554 TC001_AccountRegistrationTest.verify_account_registration() - class testCases.TC001_AccountRegistrationTest****** Test case execution Finished...******
[INFO ] 2024-11-10 08:50:28,287 TC002_AccountLoginTest.verify_MyAccount_login() - **********************************
[INFO ] 2024-11-10 08:50:28,288 TC002_AccountLoginTest.verify_MyAccount_login() - class testCases.TC002_AccountLoginTest****verify_MyAccount_login test has been started...****
[INFO ] 2024-11-10 08:50:29,949 TC002_AccountLoginTest.verify_MyAccount_login() - login link has been cicked...
[INFO ] 2024-11-10 08:50:30,280 TC002_AccountLoginTest.verify_MyAccount_login() - email and password fields are filled...
[INFO ] 2024-11-10 08:50:31,782 TC002_AccountLoginTest.verify_MyAccount_login() - login button clicked...
[INFO ] 2024-11-10 08:50:31,907 TC002_AccountLoginTest.verify_MyAccount_login() -  Validation msg confirmed...
[INFO ] 2024-11-10 08:50:31,907 TC002_AccountLoginTest.verify_MyAccount_login() - *****Test execution finished...*****
[INFO ] 2024-11-10 08:53:42,279 Utils.info() - [TestNG] Running:
  D:\MyJava_WS\Opencartv3\crossbrowsing.xml

[INFO ] 2024-11-10 08:54:02,487 TC001_AccountRegistrationTest.verify_account_registration() - ******************************
[INFO ] 2024-11-10 08:54:02,489 TC001_AccountRegistrationTest.verify_account_registration() - class testCases.TC001_AccountRegistrationTest*****test case has Started...********
[INFO ] 2024-11-10 08:54:04,378 TC001_AccountRegistrationTest.verify_account_registration() - ******************************
[INFO ] 2024-11-10 08:54:04,380 TC001_AccountRegistrationTest.verify_account_registration() - class testCases.TC001_AccountRegistrationTest*****test case has Started...********
[INFO ] 2024-11-10 08:54:05,723 TC001_AccountRegistrationTest.verify_account_registration() - ******************************
[INFO ] 2024-11-10 08:54:05,729 TC001_AccountRegistrationTest.verify_account_registration() - class testCases.TC001_AccountRegistrationTest*****test case has Started...********
[INFO ] 2024-11-10 08:54:05,880 TC001_AccountRegistrationTest.verify_account_registration() - clicked on MyAccount Link...
[INFO ] 2024-11-10 08:54:05,948 TC001_AccountRegistrationTest.verify_account_registration() - clicked on MyAccount Link...
[INFO ] 2024-11-10 08:54:05,996 TC001_AccountRegistrationTest.verify_account_registration() - clicked on MyAccount Link...
[INFO ] 2024-11-10 08:54:07,684 TC001_AccountRegistrationTest.verify_account_registration() - clicked on Register Link...
[INFO ] 2024-11-10 08:54:07,696 TC001_AccountRegistrationTest.verify_account_registration() - Setting the info for Account registration...
[INFO ] 2024-11-10 09:01:40,691 Utils.info() - [TestNG] Running:
  D:\MyJava_WS\Opencartv3\crossbrowsing.xml

[INFO ] 2024-11-10 09:01:53,795 TC001_AccountRegistrationTest.verify_account_registration() - ******************************
[INFO ] 2024-11-10 09:01:53,796 TC001_AccountRegistrationTest.verify_account_registration() - class testCases.TC001_AccountRegistrationTest*****test case has Started...********
[INFO ] 2024-11-10 09:01:54,079 TC001_AccountRegistrationTest.verify_account_registration() - clicked on MyAccount Link...
[INFO ] 2024-11-10 09:01:57,229 TC001_AccountRegistrationTest.verify_account_registration() - clicked on Register Link...
[INFO ] 2024-11-10 09:01:57,234 TC001_AccountRegistrationTest.verify_account_registration() - Setting the info for Account registration...
[INFO ] 2024-11-10 09:02:04,272 TC001_AccountRegistrationTest.verify_account_registration() - ******************************
[INFO ] 2024-11-10 09:02:04,273 TC001_AccountRegistrationTest.verify_account_registration() - class testCases.TC001_AccountRegistrationTest*****test case has Started...********
[INFO ] 2024-11-10 09:02:13,496 TC002_AccountLoginTest.verify_MyAccount_login() - **********************************
[INFO ] 2024-11-10 09:02:13,497 TC002_AccountLoginTest.verify_MyAccount_login() - class testCases.TC002_AccountLoginTest****verify_MyAccount_login test has been started...****
[INFO ] 2024-11-10 09:02:19,003 TC002_AccountLoginTest.verify_MyAccount_login() - login link has been cicked...
[INFO ] 2024-11-10 09:02:19,568 TC002_AccountLoginTest.verify_MyAccount_login() - email and password fields are filled...
[INFO ] 2024-11-10 09:02:22,567 TC002_AccountLoginTest.verify_MyAccount_login() - login button clicked...
[INFO ] 2024-11-10 09:02:22,753 TC002_AccountLoginTest.verify_MyAccount_login() -  Validation msg confirmed...
[INFO ] 2024-11-10 09:02:22,753 TC002_AccountLoginTest.verify_MyAccount_login() - *****Test execution finished...*****
[INFO ] 2024-11-10 09:05:17,132 TC002_AccountLoginTest.verify_MyAccount_login() - **********************************
[INFO ] 2024-11-10 09:05:17,133 TC002_AccountLoginTest.verify_MyAccount_login() - class testCases.TC002_AccountLoginTest****verify_MyAccount_login test has been started...****
[INFO ] 2024-11-10 09:05:19,739 TC002_AccountLoginTest.verify_MyAccount_login() - login link has been cicked...
[INFO ] 2024-11-10 09:05:22,506 TC002_AccountLoginTest.verify_MyAccount_login() - email and password fields are filled...
[INFO ] 2024-11-10 09:05:25,066 TC002_AccountLoginTest.verify_MyAccount_login() - login button clicked...
[INFO ] 2024-11-10 09:05:25,152 TC002_AccountLoginTest.verify_MyAccount_login() -  Validation msg confirmed...
[INFO ] 2024-11-10 09:05:25,153 TC002_AccountLoginTest.verify_MyAccount_login() - *****Test execution finished...*****
[INFO ] 2024-11-10 09:13:34,080 Utils.info() - [TestNG] Running:
  D:\MyJava_WS\Opencartv3\master.xml

[INFO ] 2024-11-10 09:13:47,423 TC001_AccountRegistrationTest.verify_account_registration() - ******************************
[INFO ] 2024-11-10 09:13:47,423 TC001_AccountRegistrationTest.verify_account_registration() - class testCases.TC001_AccountRegistrationTest*****test case has Started...********
[INFO ] 2024-11-10 09:13:47,591 TC001_AccountRegistrationTest.verify_account_registration() - clicked on MyAccount Link...
[INFO ] 2024-11-10 09:13:49,099 TC001_AccountRegistrationTest.verify_account_registration() - clicked on Register Link...
[INFO ] 2024-11-10 09:13:49,108 TC001_AccountRegistrationTest.verify_account_registration() - Setting the info for Account registration...
[INFO ] 2024-11-10 09:13:53,327 TC001_AccountRegistrationTest.verify_account_registration() - Validating the confirmation message...
[INFO ] 2024-11-10 09:13:53,399 TC001_AccountRegistrationTest.verify_account_registration() - class testCases.TC001_AccountRegistrationTest****** Test case execution Finished...******
[INFO ] 2024-11-10 09:14:05,410 TC002_AccountLoginTest.verify_MyAccount_login() - **********************************
[INFO ] 2024-11-10 09:14:05,411 TC002_AccountLoginTest.verify_MyAccount_login() - class testCases.TC002_AccountLoginTest****verify_MyAccount_login test has been started...****
[INFO ] 2024-11-10 09:14:06,721 TC002_AccountLoginTest.verify_MyAccount_login() - login link has been cicked...
[INFO ] 2024-11-10 09:14:07,041 TC002_AccountLoginTest.verify_MyAccount_login() - email and password fields are filled...
[INFO ] 2024-11-10 09:14:08,202 TC002_AccountLoginTest.verify_MyAccount_login() - login button clicked...
[INFO ] 2024-11-10 09:14:08,280 TC002_AccountLoginTest.verify_MyAccount_login() -  Validation msg confirmed...
[INFO ] 2024-11-10 09:14:08,280 TC002_AccountLoginTest.verify_MyAccount_login() - *****Test execution finished...*****
[INFO ] 2024-11-12 09:58:32,577 Utils.info() - [TestNG] Running:
  D:\MyJava_WS\Opencartv3\grid-docker.xml

[INFO ] 2024-11-12 09:59:43,341 TC001_AccountRegistrationTest.verify_account_registration() - ******************************
[INFO ] 2024-11-12 09:59:43,342 TC001_AccountRegistrationTest.verify_account_registration() - class testCases.TC001_AccountRegistrationTest*****test case has Started...********
[INFO ] 2024-11-12 09:59:50,805 TC001_AccountRegistrationTest.verify_account_registration() - clicked on MyAccount Link...
[INFO ] 2024-11-12 10:00:00,799 TC001_AccountRegistrationTest.verify_account_registration() - clicked on Register Link...
[INFO ] 2024-11-12 10:00:00,987 TC001_AccountRegistrationTest.verify_account_registration() - Setting the info for Account registration...
[INFO ] 2024-11-12 10:00:08,391 TC001_AccountRegistrationTest.verify_account_registration() - Validating the confirmation message...
[INFO ] 2024-11-12 10:00:08,546 TC001_AccountRegistrationTest.verify_account_registration() - class testCases.TC001_AccountRegistrationTest****** Test case execution Finished...******
[INFO ] 2024-11-12 10:00:22,101 TC002_AccountLoginTest.verify_MyAccount_login() - **********************************
[INFO ] 2024-11-12 10:00:22,102 TC002_AccountLoginTest.verify_MyAccount_login() - class testCases.TC002_AccountLoginTest****verify_MyAccount_login test has been started...****
[INFO ] 2024-11-12 10:00:24,697 TC002_AccountLoginTest.verify_MyAccount_login() - login link has been cicked...
[INFO ] 2024-11-12 10:00:25,213 TC002_AccountLoginTest.verify_MyAccount_login() - email and password fields are filled...
[INFO ] 2024-11-12 10:00:27,848 TC002_AccountLoginTest.verify_MyAccount_login() - login button clicked...
[INFO ] 2024-11-12 10:00:27,990 TC002_AccountLoginTest.verify_MyAccount_login() -  Validation msg confirmed...
[INFO ] 2024-11-12 10:00:27,990 TC002_AccountLoginTest.verify_MyAccount_login() - *****Test execution finished...*****
[INFO ] 2024-11-12 10:04:03,370 Utils.info() - [TestNG] Running:
  D:\MyJava_WS\Opencartv3\grid-docker.xml

[INFO ] 2024-11-12 10:06:03,076 TC001_AccountRegistrationTest.verify_account_registration() - ******************************
[INFO ] 2024-11-12 10:06:03,077 TC001_AccountRegistrationTest.verify_account_registration() - class testCases.TC001_AccountRegistrationTest*****test case has Started...********
[INFO ] 2024-11-12 10:06:04,199 TC001_AccountRegistrationTest.verify_account_registration() - clicked on MyAccount Link...
[INFO ] 2024-11-12 10:06:12,902 TC001_AccountRegistrationTest.verify_account_registration() - clicked on Register Link...
[INFO ] 2024-11-12 10:06:12,976 TC001_AccountRegistrationTest.verify_account_registration() - Setting the info for Account registration...
[INFO ] 2024-11-12 10:06:20,384 TC001_AccountRegistrationTest.verify_account_registration() - Validating the confirmation message...
[INFO ] 2024-11-12 10:06:20,853 TC001_AccountRegistrationTest.verify_account_registration() - class testCases.TC001_AccountRegistrationTest****** Test case execution Finished...******
[INFO ] 2024-11-12 10:07:08,786 TC002_AccountLoginTest.verify_MyAccount_login() - **********************************
[INFO ] 2024-11-12 10:07:08,787 TC002_AccountLoginTest.verify_MyAccount_login() - class testCases.TC002_AccountLoginTest****verify_MyAccount_login test has been started...****
[INFO ] 2024-11-12 10:07:14,792 TC002_AccountLoginTest.verify_MyAccount_login() - login link has been cicked...
[INFO ] 2024-11-12 10:07:15,103 TC002_AccountLoginTest.verify_MyAccount_login() - email and password fields are filled...
[INFO ] 2024-11-12 10:07:17,059 TC002_AccountLoginTest.verify_MyAccount_login() - login button clicked...
[INFO ] 2024-11-12 10:07:17,363 TC002_AccountLoginTest.verify_MyAccount_login() -  Validation msg confirmed...
[INFO ] 2024-11-12 10:07:17,363 TC002_AccountLoginTest.verify_MyAccount_login() - *****Test execution finished...*****
[INFO ] 2024-11-12 11:08:46,647 Utils.info() - [TestNG] Running:
  D:\MyJava_WS\Opencartv3\grid-docker.xml

[INFO ] 2024-11-12 11:10:28,795 TC001_AccountRegistrationTest.verify_account_registration() - ******************************
[INFO ] 2024-11-12 11:10:28,795 TC001_AccountRegistrationTest.verify_account_registration() - class testCases.TC001_AccountRegistrationTest*****test case has Started...********
[INFO ] 2024-11-12 11:10:31,683 TC001_AccountRegistrationTest.verify_account_registration() - clicked on MyAccount Link...
[INFO ] 2024-11-12 11:10:36,229 TC001_AccountRegistrationTest.verify_account_registration() - clicked on Register Link...
[INFO ] 2024-11-12 11:10:36,255 TC001_AccountRegistrationTest.verify_account_registration() - Setting the info for Account registration...
[INFO ] 2024-11-12 11:10:46,158 TC001_AccountRegistrationTest.verify_account_registration() - Validating the confirmation message...
[INFO ] 2024-11-12 11:10:46,441 TC001_AccountRegistrationTest.verify_account_registration() - class testCases.TC001_AccountRegistrationTest****** Test case execution Finished...******
[INFO ] 2024-11-12 11:11:24,046 TC002_AccountLoginTest.verify_MyAccount_login() - **********************************
[INFO ] 2024-11-12 11:11:24,049 TC002_AccountLoginTest.verify_MyAccount_login() - class testCases.TC002_AccountLoginTest****verify_MyAccount_login test has been started...****
[INFO ] 2024-11-12 11:11:27,281 TC002_AccountLoginTest.verify_MyAccount_login() - login link has been cicked...
[INFO ] 2024-11-12 11:11:27,671 TC002_AccountLoginTest.verify_MyAccount_login() - email and password fields are filled...
[INFO ] 2024-11-12 11:11:29,409 TC002_AccountLoginTest.verify_MyAccount_login() - login button clicked...
[INFO ] 2024-11-12 11:11:29,689 TC002_AccountLoginTest.verify_MyAccount_login() -  Validation msg confirmed...
[INFO ] 2024-11-12 11:11:29,690 TC002_AccountLoginTest.verify_MyAccount_login() - *****Test execution finished...*****
[INFO ] 2024-11-14 18:56:57,048 Utils.info() - [TestNG] Running:
  D:\MyJava_WS\Opencartv3\grid-docker.xml

[INFO ] 2024-11-14 19:00:32,126 Utils.info() - [TestNG] Running:
  D:\MyJava_WS\Opencartv3\grid-docker.xml

[INFO ] 2024-11-15 10:44:45,162 TC001_AccountRegistrationTest.verify_account_registration() - ******************************
[INFO ] 2024-11-15 10:44:45,282 TC001_AccountRegistrationTest.verify_account_registration() - class testCases.TC001_AccountRegistrationTest*****test case has Started...********
[INFO ] 2024-11-15 10:44:45,646 TC001_AccountRegistrationTest.verify_account_registration() - clicked on MyAccount Link...
[INFO ] 2024-11-15 10:44:48,474 TC001_AccountRegistrationTest.verify_account_registration() - clicked on Register Link...
[INFO ] 2024-11-15 10:44:48,477 TC001_AccountRegistrationTest.verify_account_registration() - Setting the info for Account registration...
[INFO ] 2024-11-15 10:44:54,344 TC001_AccountRegistrationTest.verify_account_registration() - Validating the confirmation message...
[INFO ] 2024-11-15 10:44:54,407 TC001_AccountRegistrationTest.verify_account_registration() - class testCases.TC001_AccountRegistrationTest****** Test case execution Finished...******
[INFO ] 2024-11-15 10:45:03,966 TC002_AccountLoginTest.verify_MyAccount_login() - **********************************
[INFO ] 2024-11-15 10:45:03,966 TC002_AccountLoginTest.verify_MyAccount_login() - class testCases.TC002_AccountLoginTest****verify_MyAccount_login test has been started...****
[INFO ] 2024-11-15 10:45:06,465 TC002_AccountLoginTest.verify_MyAccount_login() - login link has been cicked...
[INFO ] 2024-11-15 10:45:06,848 TC002_AccountLoginTest.verify_MyAccount_login() - email and password fields are filled...
[INFO ] 2024-11-15 10:45:08,980 TC002_AccountLoginTest.verify_MyAccount_login() - login button clicked...
[INFO ] 2024-11-15 10:45:09,038 TC002_AccountLoginTest.verify_MyAccount_login() -  Validation msg confirmed...
[INFO ] 2024-11-15 10:45:09,039 TC002_AccountLoginTest.verify_MyAccount_login() - *****Test execution finished...*****
[INFO ] 2024-11-15 11:22:19,392 TC001_AccountRegistrationTest.verify_account_registration() - ******************************
[INFO ] 2024-11-15 11:22:19,396 TC001_AccountRegistrationTest.verify_account_registration() - class testCases.TC001_AccountRegistrationTest*****test case has Started...********
[INFO ] 2024-11-15 11:22:19,642 TC001_AccountRegistrationTest.verify_account_registration() - clicked on MyAccount Link...
[INFO ] 2024-11-15 11:22:21,024 TC001_AccountRegistrationTest.verify_account_registration() - clicked on Register Link...
[INFO ] 2024-11-15 11:22:21,032 TC001_AccountRegistrationTest.verify_account_registration() - Setting the info for Account registration...
[INFO ] 2024-11-15 11:22:25,665 TC001_AccountRegistrationTest.verify_account_registration() - Validating the confirmation message...
[INFO ] 2024-11-15 11:22:25,726 TC001_AccountRegistrationTest.verify_account_registration() - class testCases.TC001_AccountRegistrationTest****** Test case execution Finished...******
[INFO ] 2024-11-15 11:22:36,990 TC002_AccountLoginTest.verify_MyAccount_login() - **********************************
[INFO ] 2024-11-15 11:22:36,993 TC002_AccountLoginTest.verify_MyAccount_login() - class testCases.TC002_AccountLoginTest****verify_MyAccount_login test has been started...****
[INFO ] 2024-11-15 11:22:38,678 TC002_AccountLoginTest.verify_MyAccount_login() - login link has been cicked...
[INFO ] 2024-11-15 11:22:39,017 TC002_AccountLoginTest.verify_MyAccount_login() - email and password fields are filled...
[INFO ] 2024-11-15 11:22:40,391 TC002_AccountLoginTest.verify_MyAccount_login() - login button clicked...
[INFO ] 2024-11-15 11:22:40,460 TC002_AccountLoginTest.verify_MyAccount_login() -  Validation msg confirmed...
[INFO ] 2024-11-15 11:22:40,460 TC002_AccountLoginTest.verify_MyAccount_login() - *****Test execution finished...*****
[INFO ] 2024-11-15 11:31:46,236 TC001_AccountRegistrationTest.verify_account_registration() - ******************************
[INFO ] 2024-11-15 11:31:46,240 TC001_AccountRegistrationTest.verify_account_registration() - class testCases.TC001_AccountRegistrationTest*****test case has Started...********
[INFO ] 2024-11-15 11:31:46,416 TC001_AccountRegistrationTest.verify_account_registration() - clicked on MyAccount Link...
[INFO ] 2024-11-15 11:31:48,174 TC001_AccountRegistrationTest.verify_account_registration() - clicked on Register Link...
[INFO ] 2024-11-15 11:31:48,179 TC001_AccountRegistrationTest.verify_account_registration() - Setting the info for Account registration...
[INFO ] 2024-11-15 11:31:52,922 TC001_AccountRegistrationTest.verify_account_registration() - Validating the confirmation message...
